<?xml version="1.0" encoding="UTF-8"?>
<!-- Generated by org.testng.reporters.JUnitReportReporter -->
<testsuite skipped="0" hostname="RMM-PN-LT-076" name="zeroautomaiton.Page.Login" tests="1" failures="0" timestamp="26 Jun 2019 08:13:53 GMT" time="14.049" errors="0">
  <testcase name="validateLogin" time="14.049" classname="zeroautomaiton.Page.Login"/>
</testsuite> <!-- zeroautomaiton.Page.Login -->
